This file contains any messages produced by compilers while
running configure, to aid debugging if configure makes a mistake.

It was created by tacc_stats configure 2.3.5, which was
generated by GNU Autoconf 2.69.  Invocation command line was

  $ ./configure --disable-infiniband --enable-opa CPPFLAGS=-I/admin/build/admin/rpms/stampede2/SOURCES/opa-ff/builtinclude.OPENIB_FF.release LDFLAGS=-L/admin/build/admin/rpms/stampede2/SOURCES/opa-ff/builtlibs.OPENIB_FF.release

## --------- ##
## Platform. ##
## --------- ##

hostname = build.stampede2.tacc.utexas.edu
uname -m = x86_64
uname -r = 3.10.0-1160.53.1.el7.x86_64
uname -s = Linux
uname -v = #1 SMP Fri Jan 14 13:59:45 UTC 2022

/usr/bin/uname -p = x86_64
/bin/uname -X     = unknown

/bin/arch              = x86_64
/usr/bin/arch -k       = unknown
/usr/convex/getsysinfo = unknown
/usr/bin/hostinfo      = unknown
/bin/machine           = unknown
/usr/bin/oslevel       = unknown
/bin/universe          = unknown

PATH: /usr/lib64/qt-3.3/bin
PATH: /sbin
PATH: /usr/local/sbin
PATH: /usr/local/bin
PATH: /usr/sbin
PATH: /usr/bin
PATH: /opt/dell/srvadmin/bin
PATH: /opt/dell/srvadmin/sbin
PATH: /root/bin
PATH: /root/bin


## ----------- ##
## Core tests. ##
## ----------- ##

configure:2173: checking for a BSD-compatible install
configure:2241: result: /usr/bin/install -c
configure:2252: checking whether build environment is sane
configure:2307: result: yes
configure:2458: checking for a thread-safe mkdir -p
configure:2497: result: /usr/bin/mkdir -p
configure:2504: checking for gawk
configure:2520: found /usr/bin/gawk
configure:2531: result: gawk
configure:2542: checking whether make sets $(MAKE)
configure:2564: result: yes
configure:2593: checking whether make supports nested variables
configure:2610: result: yes
configure:2706: checking for style of include used by make
configure:2734: result: GNU
configure:2805: checking for gcc
configure:2821: found /usr/bin/gcc
configure:2832: result: gcc
configure:3061: checking for C compiler version
configure:3070: gcc --version >&5
gcc (GCC) 4.8.5 20150623 (Red Hat 4.8.5-44)
Copyright (C) 2015 Free Software Foundation, Inc.
This is free software; see the source for copying conditions.  There is NO
warranty; not even for MERCHANTABILITY or FITNESS FOR A PARTICULAR PURPOSE.

configure:3081: $? = 0
configure:3070: gcc -v >&5
Using built-in specs.
COLLECT_GCC=gcc
COLLECT_LTO_WRAPPER=/usr/libexec/gcc/x86_64-redhat-linux/4.8.5/lto-wrapper
Target: x86_64-redhat-linux
Configured with: ../configure --prefix=/usr --mandir=/usr/share/man --infodir=/usr/share/info --with-bugurl=http://bugzilla.redhat.com/bugzilla --enable-bootstrap --enable-shared --enable-threads=posix --enable-checking=release --with-system-zlib --enable-__cxa_atexit --disable-libunwind-exceptions --enable-gnu-unique-object --enable-linker-build-id --with-linker-hash-style=gnu --enable-languages=c,c++,objc,obj-c++,java,fortran,ada,go,lto --enable-plugin --enable-initfini-array --disable-libgcj --with-isl=/builddir/build/BUILD/gcc-4.8.5-20150702/obj-x86_64-redhat-linux/isl-install --with-cloog=/builddir/build/BUILD/gcc-4.8.5-20150702/obj-x86_64-redhat-linux/cloog-install --enable-gnu-indirect-function --with-tune=generic --with-arch_32=x86-64 --build=x86_64-redhat-linux
Thread model: posix
gcc version 4.8.5 20150623 (Red Hat 4.8.5-44) (GCC) 
configure:3081: $? = 0
configure:3070: gcc -V >&5
gcc: error: unrecognized command line option '-V'
gcc: fatal error: no input files
compilation terminated.
configure:3081: $? = 4
configure:3070: gcc -qversion >&5
gcc: error: unrecognized command line option '-qversion'
gcc: fatal error: no input files
compilation terminated.
configure:3081: $? = 4
configure:3101: checking whether the C compiler works
configure:3123: gcc  -I/admin/build/admin/rpms/stampede2/SOURCES/opa-ff/builtinclude.OPENIB_FF.release -L/admin/build/admin/rpms/stampede2/SOURCES/opa-ff/builtlibs.OPENIB_FF.release conftest.c  >&5
configure:3127: $? = 0
configure:3175: result: yes
configure:3178: checking for C compiler default output file name
configure:3180: result: a.out
configure:3186: checking for suffix of executables
configure:3193: gcc -o conftest  -I/admin/build/admin/rpms/stampede2/SOURCES/opa-ff/builtinclude.OPENIB_FF.release -L/admin/build/admin/rpms/stampede2/SOURCES/opa-ff/builtlibs.OPENIB_FF.release conftest.c  >&5
configure:3197: $? = 0
configure:3219: result: 
configure:3241: checking whether we are cross compiling
configure:3249: gcc -o conftest  -I/admin/build/admin/rpms/stampede2/SOURCES/opa-ff/builtinclude.OPENIB_FF.release -L/admin/build/admin/rpms/stampede2/SOURCES/opa-ff/builtlibs.OPENIB_FF.release conftest.c  >&5
configure:3253: $? = 0
configure:3260: ./conftest
configure:3264: $? = 0
configure:3279: result: no
configure:3284: checking for suffix of object files
configure:3306: gcc -c  -I/admin/build/admin/rpms/stampede2/SOURCES/opa-ff/builtinclude.OPENIB_FF.release conftest.c >&5
configure:3310: $? = 0
configure:3331: result: o
configure:3335: checking whether we are using the GNU C compiler
configure:3354: gcc -c  -I/admin/build/admin/rpms/stampede2/SOURCES/opa-ff/builtinclude.OPENIB_FF.release conftest.c >&5
configure:3354: $? = 0
configure:3363: result: yes
configure:3372: checking whether gcc accepts -g
configure:3392: gcc -c -g -I/admin/build/admin/rpms/stampede2/SOURCES/opa-ff/builtinclude.OPENIB_FF.release conftest.c >&5
configure:3392: $? = 0
configure:3433: result: yes
configure:3450: checking for gcc option to accept ISO C89
configure:3513: gcc  -c -g -O2 -I/admin/build/admin/rpms/stampede2/SOURCES/opa-ff/builtinclude.OPENIB_FF.release conftest.c >&5
configure:3513: $? = 0
configure:3526: result: none needed
configure:3548: checking dependency style of gcc
configure:3659: result: gcc3
configure:3674: checking for gcc option to accept ISO C99
configure:3823: gcc  -c -g -O2 -I/admin/build/admin/rpms/stampede2/SOURCES/opa-ff/builtinclude.OPENIB_FF.release conftest.c >&5
conftest.c:61:29: error: expected ';', ',' or ')' before 'text'
 test_restrict (ccp restrict text)
                             ^
conftest.c: In function 'main':
conftest.c:115:18: error: expected '=', ',', ';', 'asm' or '__attribute__' before 'newvar'
   char *restrict newvar = "Another string";
                  ^
conftest.c:115:18: error: 'newvar' undeclared (first use in this function)
conftest.c:115:18: note: each undeclared identifier is reported only once for each function it appears in
conftest.c:125:3: error: 'for' loop initial declarations are only allowed in C99 mode
   for (int i = 0; i < ia->datasize; ++i)
   ^
conftest.c:125:3: note: use option -std=c99 or -std=gnu99 to compile your code
configure:3823: $? = 1
configure: failed program was:
| /* confdefs.h */
| #define PACKAGE_NAME "tacc_stats"
| #define PACKAGE_TARNAME "tacc_stats"
| #define PACKAGE_VERSION "2.3.5"
| #define PACKAGE_STRING "tacc_stats 2.3.5"
| #define PACKAGE_BUGREPORT "rtevans@tacc.utexas.edu"
| #define PACKAGE_URL ""
| #define PACKAGE "tacc_stats"
| #define VERSION "2.3.5"
| /* end confdefs.h.  */
| #include <stdarg.h>
| #include <stdbool.h>
| #include <stdlib.h>
| #include <wchar.h>
| #include <stdio.h>
| 
| // Check varargs macros.  These examples are taken from C99 6.10.3.5.
| #define debug(...) fprintf (stderr, __VA_ARGS__)
| #define showlist(...) puts (#__VA_ARGS__)
| #define report(test,...) ((test) ? puts (#test) : printf (__VA_ARGS__))
| static void
| test_varargs_macros (void)
| {
|   int x = 1234;
|   int y = 5678;
|   debug ("Flag");
|   debug ("X = %d\n", x);
|   showlist (The first, second, and third items.);
|   report (x>y, "x is %d but y is %d", x, y);
| }
| 
| // Check long long types.
| #define BIG64 18446744073709551615ull
| #define BIG32 4294967295ul
| #define BIG_OK (BIG64 / BIG32 == 4294967297ull && BIG64 % BIG32 == 0)
| #if !BIG_OK
|   your preprocessor is broken;
| #endif
| #if BIG_OK
| #else
|   your preprocessor is broken;
| #endif
| static long long int bignum = -9223372036854775807LL;
| static unsigned long long int ubignum = BIG64;
| 
| struct incomplete_array
| {
|   int datasize;
|   double data[];
| };
| 
| struct named_init {
|   int number;
|   const wchar_t *name;
|   double average;
| };
| 
| typedef const char *ccp;
| 
| static inline int
| test_restrict (ccp restrict text)
| {
|   // See if C++-style comments work.
|   // Iterate through items via the restricted pointer.
|   // Also check for declarations in for loops.
|   for (unsigned int i = 0; *(text+i) != '\0'; ++i)
|     continue;
|   return 0;
| }
| 
| // Check varargs and va_copy.
| static void
| test_varargs (const char *format, ...)
| {
|   va_list args;
|   va_start (args, format);
|   va_list args_copy;
|   va_copy (args_copy, args);
| 
|   const char *str;
|   int number;
|   float fnumber;
| 
|   while (*format)
|     {
|       switch (*format++)
| 	{
| 	case 's': // string
| 	  str = va_arg (args_copy, const char *);
| 	  break;
| 	case 'd': // int
| 	  number = va_arg (args_copy, int);
| 	  break;
| 	case 'f': // float
| 	  fnumber = va_arg (args_copy, double);
| 	  break;
| 	default:
| 	  break;
| 	}
|     }
|   va_end (args_copy);
|   va_end (args);
| }
| 
| int
| main ()
| {
| 
|   // Check bool.
|   _Bool success = false;
| 
|   // Check restrict.
|   if (test_restrict ("String literal") == 0)
|     success = true;
|   char *restrict newvar = "Another string";
| 
|   // Check varargs.
|   test_varargs ("s, d' f .", "string", 65, 34.234);
|   test_varargs_macros ();
| 
|   // Check flexible array members.
|   struct incomplete_array *ia =
|     malloc (sizeof (struct incomplete_array) + (sizeof (double) * 10));
|   ia->datasize = 10;
|   for (int i = 0; i < ia->datasize; ++i)
|     ia->data[i] = i * 1.234;
| 
|   // Check named initializers.
|   struct named_init ni = {
|     .number = 34,
|     .name = L"Test wide string",
|     .average = 543.34343,
|   };
| 
|   ni.number = 58;
| 
|   int dynamic_array[ni.number];
|   dynamic_array[ni.number - 1] = 543;
| 
|   // work around unused variable warnings
|   return (!success || bignum == 0LL || ubignum == 0uLL || newvar[0] == 'x'
| 	  || dynamic_array[ni.number - 1] != 543);
| 
|   ;
|   return 0;
| }
configure:3823: gcc -std=gnu99 -c -g -O2 -I/admin/build/admin/rpms/stampede2/SOURCES/opa-ff/builtinclude.OPENIB_FF.release conftest.c >&5
configure:3823: $? = 0
configure:3843: result: -std=gnu99
configure:3852: checking whether gcc -std=gnu99 and cc understand -c and -o together
configure:3883: gcc -std=gnu99 -c conftest.c -o conftest2.o >&5
configure:3887: $? = 0
configure:3893: gcc -std=gnu99 -c conftest.c -o conftest2.o >&5
configure:3897: $? = 0
configure:3908: cc -c conftest.c >&5
configure:3912: $? = 0
configure:3920: cc -c conftest.c -o conftest2.o >&5
configure:3924: $? = 0
configure:3930: cc -c conftest.c -o conftest2.o >&5
configure:3934: $? = 0
configure:3952: result: yes
configure:3984: checking how to run the C preprocessor
configure:4015: gcc -std=gnu99 -E -I/admin/build/admin/rpms/stampede2/SOURCES/opa-ff/builtinclude.OPENIB_FF.release conftest.c
configure:4015: $? = 0
configure:4029: gcc -std=gnu99 -E -I/admin/build/admin/rpms/stampede2/SOURCES/opa-ff/builtinclude.OPENIB_FF.release conftest.c
conftest.c:11:28: fatal error: ac_nonexistent.h: No such file or directory
 #include <ac_nonexistent.h>
                            ^
compilation terminated.
configure:4029: $? = 1
configure: failed program was:
| /* confdefs.h */
| #define PACKAGE_NAME "tacc_stats"
| #define PACKAGE_TARNAME "tacc_stats"
| #define PACKAGE_VERSION "2.3.5"
| #define PACKAGE_STRING "tacc_stats 2.3.5"
| #define PACKAGE_BUGREPORT "rtevans@tacc.utexas.edu"
| #define PACKAGE_URL ""
| #define PACKAGE "tacc_stats"
| #define VERSION "2.3.5"
| /* end confdefs.h.  */
| #include <ac_nonexistent.h>
configure:4054: result: gcc -std=gnu99 -E
configure:4074: gcc -std=gnu99 -E -I/admin/build/admin/rpms/stampede2/SOURCES/opa-ff/builtinclude.OPENIB_FF.release conftest.c
configure:4074: $? = 0
configure:4088: gcc -std=gnu99 -E -I/admin/build/admin/rpms/stampede2/SOURCES/opa-ff/builtinclude.OPENIB_FF.release conftest.c
conftest.c:11:28: fatal error: ac_nonexistent.h: No such file or directory
 #include <ac_nonexistent.h>
                            ^
compilation terminated.
configure:4088: $? = 1
configure: failed program was:
| /* confdefs.h */
| #define PACKAGE_NAME "tacc_stats"
| #define PACKAGE_TARNAME "tacc_stats"
| #define PACKAGE_VERSION "2.3.5"
| #define PACKAGE_STRING "tacc_stats 2.3.5"
| #define PACKAGE_BUGREPORT "rtevans@tacc.utexas.edu"
| #define PACKAGE_URL ""
| #define PACKAGE "tacc_stats"
| #define VERSION "2.3.5"
| /* end confdefs.h.  */
| #include <ac_nonexistent.h>
configure:4117: checking for grep that handles long lines and -e
configure:4175: result: /usr/bin/grep
configure:4180: checking for egrep
configure:4242: result: /usr/bin/grep -E
configure:4247: checking for ANSI C header files
configure:4267: gcc -std=gnu99 -c -g -O2 -I/admin/build/admin/rpms/stampede2/SOURCES/opa-ff/builtinclude.OPENIB_FF.release conftest.c >&5
configure:4267: $? = 0
configure:4340: gcc -std=gnu99 -o conftest -g -O2 -I/admin/build/admin/rpms/stampede2/SOURCES/opa-ff/builtinclude.OPENIB_FF.release -L/admin/build/admin/rpms/stampede2/SOURCES/opa-ff/builtlibs.OPENIB_FF.release conftest.c  >&5
configure:4340: $? = 0
configure:4340: ./conftest
configure:4340: $? = 0
configure:4351: result: yes
configure:4364: checking for sys/types.h
configure:4364: gcc -std=gnu99 -c -g -O2 -I/admin/build/admin/rpms/stampede2/SOURCES/opa-ff/builtinclude.OPENIB_FF.release conftest.c >&5
configure:4364: $? = 0
configure:4364: result: yes
configure:4364: checking for sys/stat.h
configure:4364: gcc -std=gnu99 -c -g -O2 -I/admin/build/admin/rpms/stampede2/SOURCES/opa-ff/builtinclude.OPENIB_FF.release conftest.c >&5
configure:4364: $? = 0
configure:4364: result: yes
configure:4364: checking for stdlib.h
configure:4364: gcc -std=gnu99 -c -g -O2 -I/admin/build/admin/rpms/stampede2/SOURCES/opa-ff/builtinclude.OPENIB_FF.release conftest.c >&5
configure:4364: $? = 0
configure:4364: result: yes
configure:4364: checking for string.h
configure:4364: gcc -std=gnu99 -c -g -O2 -I/admin/build/admin/rpms/stampede2/SOURCES/opa-ff/builtinclude.OPENIB_FF.release conftest.c >&5
configure:4364: $? = 0
configure:4364: result: yes
configure:4364: checking for memory.h
configure:4364: gcc -std=gnu99 -c -g -O2 -I/admin/build/admin/rpms/stampede2/SOURCES/opa-ff/builtinclude.OPENIB_FF.release conftest.c >&5
configure:4364: $? = 0
configure:4364: result: yes
configure:4364: checking for strings.h
configure:4364: gcc -std=gnu99 -c -g -O2 -I/admin/build/admin/rpms/stampede2/SOURCES/opa-ff/builtinclude.OPENIB_FF.release conftest.c >&5
configure:4364: $? = 0
configure:4364: result: yes
configure:4364: checking for inttypes.h
configure:4364: gcc -std=gnu99 -c -g -O2 -I/admin/build/admin/rpms/stampede2/SOURCES/opa-ff/builtinclude.OPENIB_FF.release conftest.c >&5
configure:4364: $? = 0
configure:4364: result: yes
configure:4364: checking for stdint.h
configure:4364: gcc -std=gnu99 -c -g -O2 -I/admin/build/admin/rpms/stampede2/SOURCES/opa-ff/builtinclude.OPENIB_FF.release conftest.c >&5
configure:4364: $? = 0
configure:4364: result: yes
configure:4364: checking for unistd.h
configure:4364: gcc -std=gnu99 -c -g -O2 -I/admin/build/admin/rpms/stampede2/SOURCES/opa-ff/builtinclude.OPENIB_FF.release conftest.c >&5
configure:4364: $? = 0
configure:4364: result: yes
configure:4458: checking for library containing amqp_new_connection
configure:4489: gcc -std=gnu99 -o conftest -g -O2 -I/admin/build/admin/rpms/stampede2/SOURCES/opa-ff/builtinclude.OPENIB_FF.release -L/admin/build/admin/rpms/stampede2/SOURCES/opa-ff/builtlibs.OPENIB_FF.release conftest.c  >&5
/tmp/ccFDNViu.o: In function `main':
/admin/build/admin/rpms/stampede2/SOURCES/tacc_stats-2.3.6/conftest.c:32: undefined reference to `amqp_new_connection'
collect2: error: ld returned 1 exit status
configure:4489: $? = 1
configure: failed program was:
| /* confdefs.h */
| #define PACKAGE_NAME "tacc_stats"
| #define PACKAGE_TARNAME "tacc_stats"
| #define PACKAGE_VERSION "2.3.5"
| #define PACKAGE_STRING "tacc_stats 2.3.5"
| #define PACKAGE_BUGREPORT "rtevans@tacc.utexas.edu"
| #define PACKAGE_URL ""
| #define PACKAGE "tacc_stats"
| #define VERSION "2.3.5"
| #define STDC_HEADERS 1
| #define HAVE_SYS_TYPES_H 1
| #define HAVE_SYS_STAT_H 1
| #define HAVE_STDLIB_H 1
| #define HAVE_STRING_H 1
| #define HAVE_MEMORY_H 1
| #define HAVE_STRINGS_H 1
| #define HAVE_INTTYPES_H 1
| #define HAVE_STDINT_H 1
| #define HAVE_UNISTD_H 1
| /* end confdefs.h.  */
| 
| /* Override any GCC internal prototype to avoid an error.
|    Use char because int might match the return type of a GCC
|    builtin and then its argument prototype would still apply.  */
| #ifdef __cplusplus
| extern "C"
| #endif
| char amqp_new_connection ();
| int
| main ()
| {
| return amqp_new_connection ();
|   ;
|   return 0;
| }
configure:4489: gcc -std=gnu99 -o conftest -g -O2 -I/admin/build/admin/rpms/stampede2/SOURCES/opa-ff/builtinclude.OPENIB_FF.release -L/admin/build/admin/rpms/stampede2/SOURCES/opa-ff/builtlibs.OPENIB_FF.release conftest.c -lrabbitmq   >&5
configure:4489: $? = 0
configure:4506: result: -lrabbitmq
configure:4519: checking amqp.h usability
configure:4519: gcc -std=gnu99 -c -g -O2 -I/admin/build/admin/rpms/stampede2/SOURCES/opa-ff/builtinclude.OPENIB_FF.release conftest.c >&5
configure:4519: $? = 0
configure:4519: result: yes
configure:4519: checking amqp.h presence
configure:4519: gcc -std=gnu99 -E -I/admin/build/admin/rpms/stampede2/SOURCES/opa-ff/builtinclude.OPENIB_FF.release conftest.c
configure:4519: $? = 0
configure:4519: result: yes
configure:4519: checking for amqp.h
configure:4519: result: yes
configure:4932: checking for library containing iba_fstatus_msg
configure:4963: gcc -std=gnu99 -o conftest -g -O2 -I/admin/build/admin/rpms/stampede2/SOURCES/opa-ff/builtinclude.OPENIB_FF.release -L/admin/build/admin/rpms/stampede2/SOURCES/opa-ff/builtlibs.OPENIB_FF.release conftest.c -lrabbitmq  >&5
/tmp/ccIbtGlI.o: In function `main':
/admin/build/admin/rpms/stampede2/SOURCES/tacc_stats-2.3.6/conftest.c:33: undefined reference to `iba_fstatus_msg'
collect2: error: ld returned 1 exit status
configure:4963: $? = 1
configure: failed program was:
| /* confdefs.h */
| #define PACKAGE_NAME "tacc_stats"
| #define PACKAGE_TARNAME "tacc_stats"
| #define PACKAGE_VERSION "2.3.5"
| #define PACKAGE_STRING "tacc_stats 2.3.5"
| #define PACKAGE_BUGREPORT "rtevans@tacc.utexas.edu"
| #define PACKAGE_URL ""
| #define PACKAGE "tacc_stats"
| #define VERSION "2.3.5"
| #define STDC_HEADERS 1
| #define HAVE_SYS_TYPES_H 1
| #define HAVE_SYS_STAT_H 1
| #define HAVE_STDLIB_H 1
| #define HAVE_STRING_H 1
| #define HAVE_MEMORY_H 1
| #define HAVE_STRINGS_H 1
| #define HAVE_INTTYPES_H 1
| #define HAVE_STDINT_H 1
| #define HAVE_UNISTD_H 1
| #define HAVE_AMQP_H 1
| /* end confdefs.h.  */
| 
| /* Override any GCC internal prototype to avoid an error.
|    Use char because int might match the return type of a GCC
|    builtin and then its argument prototype would still apply.  */
| #ifdef __cplusplus
| extern "C"
| #endif
| char iba_fstatus_msg ();
| int
| main ()
| {
| return iba_fstatus_msg ();
|   ;
|   return 0;
| }
configure:4963: gcc -std=gnu99 -o conftest -g -O2 -I/admin/build/admin/rpms/stampede2/SOURCES/opa-ff/builtinclude.OPENIB_FF.release -L/admin/build/admin/rpms/stampede2/SOURCES/opa-ff/builtlibs.OPENIB_FF.release conftest.c -lpublic  -lrabbitmq  >&5
configure:4963: $? = 0
configure:4980: result: -lpublic
configure:4988: checking for library containing oib_pa_client_init
configure:5019: gcc -std=gnu99 -o conftest -g -O2 -I/admin/build/admin/rpms/stampede2/SOURCES/opa-ff/builtinclude.OPENIB_FF.release -L/admin/build/admin/rpms/stampede2/SOURCES/opa-ff/builtlibs.OPENIB_FF.release conftest.c -lpublic -lrabbitmq  >&5
/tmp/ccGTggbS.o: In function `main':
/admin/build/admin/rpms/stampede2/SOURCES/tacc_stats-2.3.6/conftest.c:33: undefined reference to `oib_pa_client_init'
collect2: error: ld returned 1 exit status
configure:5019: $? = 1
configure: failed program was:
| /* confdefs.h */
| #define PACKAGE_NAME "tacc_stats"
| #define PACKAGE_TARNAME "tacc_stats"
| #define PACKAGE_VERSION "2.3.5"
| #define PACKAGE_STRING "tacc_stats 2.3.5"
| #define PACKAGE_BUGREPORT "rtevans@tacc.utexas.edu"
| #define PACKAGE_URL ""
| #define PACKAGE "tacc_stats"
| #define VERSION "2.3.5"
| #define STDC_HEADERS 1
| #define HAVE_SYS_TYPES_H 1
| #define HAVE_SYS_STAT_H 1
| #define HAVE_STDLIB_H 1
| #define HAVE_STRING_H 1
| #define HAVE_MEMORY_H 1
| #define HAVE_STRINGS_H 1
| #define HAVE_INTTYPES_H 1
| #define HAVE_STDINT_H 1
| #define HAVE_UNISTD_H 1
| #define HAVE_AMQP_H 1
| /* end confdefs.h.  */
| 
| /* Override any GCC internal prototype to avoid an error.
|    Use char because int might match the return type of a GCC
|    builtin and then its argument prototype would still apply.  */
| #ifdef __cplusplus
| extern "C"
| #endif
| char oib_pa_client_init ();
| int
| main ()
| {
| return oib_pa_client_init ();
|   ;
|   return 0;
| }
configure:5019: gcc -std=gnu99 -o conftest -g -O2 -I/admin/build/admin/rpms/stampede2/SOURCES/opa-ff/builtinclude.OPENIB_FF.release -L/admin/build/admin/rpms/stampede2/SOURCES/opa-ff/builtlibs.OPENIB_FF.release conftest.c -loib_utils  -libmad -libumad -libverbs -lpublic -lpthread  -lpublic -lrabbitmq  >&5
configure:5019: $? = 0
configure:5036: result: -loib_utils
configure:5049: checking oib_utils.h usability
configure:5049: gcc -std=gnu99 -c -g -O2 -I/admin/build/admin/rpms/stampede2/SOURCES/opa-ff/builtinclude.OPENIB_FF.release conftest.c >&5
configure:5049: $? = 0
configure:5049: result: yes
configure:5049: checking oib_utils.h presence
configure:5049: gcc -std=gnu99 -E -I/admin/build/admin/rpms/stampede2/SOURCES/opa-ff/builtinclude.OPENIB_FF.release conftest.c
configure:5049: $? = 0
configure:5049: result: yes
configure:5049: checking for oib_utils.h
configure:5049: result: yes
configure:5062: checking for library containing ibv_create_cq
configure:5093: gcc -std=gnu99 -o conftest -g -O2 -I/admin/build/admin/rpms/stampede2/SOURCES/opa-ff/builtinclude.OPENIB_FF.release -L/admin/build/admin/rpms/stampede2/SOURCES/opa-ff/builtlibs.OPENIB_FF.release conftest.c -loib_utils -lpublic -lrabbitmq  >&5
/tmp/cc2nphuj.o: In function `main':
/admin/build/admin/rpms/stampede2/SOURCES/tacc_stats-2.3.6/conftest.c:34: undefined reference to `ibv_create_cq'
collect2: error: ld returned 1 exit status
configure:5093: $? = 1
configure: failed program was:
| /* confdefs.h */
| #define PACKAGE_NAME "tacc_stats"
| #define PACKAGE_TARNAME "tacc_stats"
| #define PACKAGE_VERSION "2.3.5"
| #define PACKAGE_STRING "tacc_stats 2.3.5"
| #define PACKAGE_BUGREPORT "rtevans@tacc.utexas.edu"
| #define PACKAGE_URL ""
| #define PACKAGE "tacc_stats"
| #define VERSION "2.3.5"
| #define STDC_HEADERS 1
| #define HAVE_SYS_TYPES_H 1
| #define HAVE_SYS_STAT_H 1
| #define HAVE_STDLIB_H 1
| #define HAVE_STRING_H 1
| #define HAVE_MEMORY_H 1
| #define HAVE_STRINGS_H 1
| #define HAVE_INTTYPES_H 1
| #define HAVE_STDINT_H 1
| #define HAVE_UNISTD_H 1
| #define HAVE_AMQP_H 1
| #define HAVE_OIB_UTILS_H 1
| /* end confdefs.h.  */
| 
| /* Override any GCC internal prototype to avoid an error.
|    Use char because int might match the return type of a GCC
|    builtin and then its argument prototype would still apply.  */
| #ifdef __cplusplus
| extern "C"
| #endif
| char ibv_create_cq ();
| int
| main ()
| {
| return ibv_create_cq ();
|   ;
|   return 0;
| }
configure:5093: gcc -std=gnu99 -o conftest -g -O2 -I/admin/build/admin/rpms/stampede2/SOURCES/opa-ff/builtinclude.OPENIB_FF.release -L/admin/build/admin/rpms/stampede2/SOURCES/opa-ff/builtlibs.OPENIB_FF.release conftest.c -libverbs  -loib_utils -lpublic -lrabbitmq  >&5
configure:5093: $? = 0
configure:5110: result: -libverbs
configure:5118: checking for library containing umad_set_addr
configure:5149: gcc -std=gnu99 -o conftest -g -O2 -I/admin/build/admin/rpms/stampede2/SOURCES/opa-ff/builtinclude.OPENIB_FF.release -L/admin/build/admin/rpms/stampede2/SOURCES/opa-ff/builtlibs.OPENIB_FF.release conftest.c -libverbs -loib_utils -lpublic -lrabbitmq  >&5
/tmp/ccmYg0fj.o: In function `main':
/admin/build/admin/rpms/stampede2/SOURCES/tacc_stats-2.3.6/conftest.c:34: undefined reference to `umad_set_addr'
collect2: error: ld returned 1 exit status
configure:5149: $? = 1
configure: failed program was:
| /* confdefs.h */
| #define PACKAGE_NAME "tacc_stats"
| #define PACKAGE_TARNAME "tacc_stats"
| #define PACKAGE_VERSION "2.3.5"
| #define PACKAGE_STRING "tacc_stats 2.3.5"
| #define PACKAGE_BUGREPORT "rtevans@tacc.utexas.edu"
| #define PACKAGE_URL ""
| #define PACKAGE "tacc_stats"
| #define VERSION "2.3.5"
| #define STDC_HEADERS 1
| #define HAVE_SYS_TYPES_H 1
| #define HAVE_SYS_STAT_H 1
| #define HAVE_STDLIB_H 1
| #define HAVE_STRING_H 1
| #define HAVE_MEMORY_H 1
| #define HAVE_STRINGS_H 1
| #define HAVE_INTTYPES_H 1
| #define HAVE_STDINT_H 1
| #define HAVE_UNISTD_H 1
| #define HAVE_AMQP_H 1
| #define HAVE_OIB_UTILS_H 1
| /* end confdefs.h.  */
| 
| /* Override any GCC internal prototype to avoid an error.
|    Use char because int might match the return type of a GCC
|    builtin and then its argument prototype would still apply.  */
| #ifdef __cplusplus
| extern "C"
| #endif
| char umad_set_addr ();
| int
| main ()
| {
| return umad_set_addr ();
|   ;
|   return 0;
| }
configure:5149: gcc -std=gnu99 -o conftest -g -O2 -I/admin/build/admin/rpms/stampede2/SOURCES/opa-ff/builtinclude.OPENIB_FF.release -L/admin/build/admin/rpms/stampede2/SOURCES/opa-ff/builtlibs.OPENIB_FF.release conftest.c -libumad  -libverbs -loib_utils -lpublic -lrabbitmq  >&5
configure:5149: $? = 0
configure:5166: result: -libumad
configure:5174: checking for library containing mad_rpc_open_port
configure:5205: gcc -std=gnu99 -o conftest -g -O2 -I/admin/build/admin/rpms/stampede2/SOURCES/opa-ff/builtinclude.OPENIB_FF.release -L/admin/build/admin/rpms/stampede2/SOURCES/opa-ff/builtlibs.OPENIB_FF.release conftest.c -libumad -libverbs -loib_utils -lpublic -lrabbitmq  >&5
/tmp/ccutdLCw.o: In function `main':
/admin/build/admin/rpms/stampede2/SOURCES/tacc_stats-2.3.6/conftest.c:34: undefined reference to `mad_rpc_open_port'
collect2: error: ld returned 1 exit status
configure:5205: $? = 1
configure: failed program was:
| /* confdefs.h */
| #define PACKAGE_NAME "tacc_stats"
| #define PACKAGE_TARNAME "tacc_stats"
| #define PACKAGE_VERSION "2.3.5"
| #define PACKAGE_STRING "tacc_stats 2.3.5"
| #define PACKAGE_BUGREPORT "rtevans@tacc.utexas.edu"
| #define PACKAGE_URL ""
| #define PACKAGE "tacc_stats"
| #define VERSION "2.3.5"
| #define STDC_HEADERS 1
| #define HAVE_SYS_TYPES_H 1
| #define HAVE_SYS_STAT_H 1
| #define HAVE_STDLIB_H 1
| #define HAVE_STRING_H 1
| #define HAVE_MEMORY_H 1
| #define HAVE_STRINGS_H 1
| #define HAVE_INTTYPES_H 1
| #define HAVE_STDINT_H 1
| #define HAVE_UNISTD_H 1
| #define HAVE_AMQP_H 1
| #define HAVE_OIB_UTILS_H 1
| /* end confdefs.h.  */
| 
| /* Override any GCC internal prototype to avoid an error.
|    Use char because int might match the return type of a GCC
|    builtin and then its argument prototype would still apply.  */
| #ifdef __cplusplus
| extern "C"
| #endif
| char mad_rpc_open_port ();
| int
| main ()
| {
| return mad_rpc_open_port ();
|   ;
|   return 0;
| }
configure:5205: gcc -std=gnu99 -o conftest -g -O2 -I/admin/build/admin/rpms/stampede2/SOURCES/opa-ff/builtinclude.OPENIB_FF.release -L/admin/build/admin/rpms/stampede2/SOURCES/opa-ff/builtlibs.OPENIB_FF.release conftest.c -libmad  -libumad -libverbs -loib_utils -lpublic -lrabbitmq  >&5
configure:5205: $? = 0
configure:5222: result: -libmad
configure:5267: checking for library containing ev_run
configure:5298: gcc -std=gnu99 -o conftest -g -O2 -I/admin/build/admin/rpms/stampede2/SOURCES/opa-ff/builtinclude.OPENIB_FF.release -L/admin/build/admin/rpms/stampede2/SOURCES/opa-ff/builtlibs.OPENIB_FF.release conftest.c -libmad -libumad -libverbs -loib_utils -lpublic -lrabbitmq  >&5
/tmp/ccs6pQ1K.o: In function `main':
/admin/build/admin/rpms/stampede2/SOURCES/tacc_stats-2.3.6/conftest.c:34: undefined reference to `ev_run'
collect2: error: ld returned 1 exit status
configure:5298: $? = 1
configure: failed program was:
| /* confdefs.h */
| #define PACKAGE_NAME "tacc_stats"
| #define PACKAGE_TARNAME "tacc_stats"
| #define PACKAGE_VERSION "2.3.5"
| #define PACKAGE_STRING "tacc_stats 2.3.5"
| #define PACKAGE_BUGREPORT "rtevans@tacc.utexas.edu"
| #define PACKAGE_URL ""
| #define PACKAGE "tacc_stats"
| #define VERSION "2.3.5"
| #define STDC_HEADERS 1
| #define HAVE_SYS_TYPES_H 1
| #define HAVE_SYS_STAT_H 1
| #define HAVE_STDLIB_H 1
| #define HAVE_STRING_H 1
| #define HAVE_MEMORY_H 1
| #define HAVE_STRINGS_H 1
| #define HAVE_INTTYPES_H 1
| #define HAVE_STDINT_H 1
| #define HAVE_UNISTD_H 1
| #define HAVE_AMQP_H 1
| #define HAVE_OIB_UTILS_H 1
| /* end confdefs.h.  */
| 
| /* Override any GCC internal prototype to avoid an error.
|    Use char because int might match the return type of a GCC
|    builtin and then its argument prototype would still apply.  */
| #ifdef __cplusplus
| extern "C"
| #endif
| char ev_run ();
| int
| main ()
| {
| return ev_run ();
|   ;
|   return 0;
| }
configure:5298: gcc -std=gnu99 -o conftest -g -O2 -I/admin/build/admin/rpms/stampede2/SOURCES/opa-ff/builtinclude.OPENIB_FF.release -L/admin/build/admin/rpms/stampede2/SOURCES/opa-ff/builtlibs.OPENIB_FF.release conftest.c -lev  -libmad -libumad -libverbs -loib_utils -lpublic -lrabbitmq  >&5
configure:5298: $? = 0
configure:5315: result: -lev
configure:5327: checking ev.h usability
configure:5327: gcc -std=gnu99 -c -g -O2 -I/admin/build/admin/rpms/stampede2/SOURCES/opa-ff/builtinclude.OPENIB_FF.release conftest.c >&5
configure:5327: $? = 0
configure:5327: result: yes
configure:5327: checking ev.h presence
configure:5327: gcc -std=gnu99 -E -I/admin/build/admin/rpms/stampede2/SOURCES/opa-ff/builtinclude.OPENIB_FF.release conftest.c
configure:5327: $? = 0
configure:5327: result: yes
configure:5327: checking for ev.h
configure:5327: result: yes
configure:5394: checking for pkg-config
configure:5412: found /usr/bin/pkg-config
configure:5424: result: /usr/bin/pkg-config
configure:5449: checking pkg-config is at least version 0.9.0
configure:5452: result: yes
configure:5640: checking that generated files are newer than configure
configure:5646: result: done
configure:5705: creating ./config.status

## ---------------------- ##
## Running config.status. ##
## ---------------------- ##

This file was extended by tacc_stats config.status 2.3.5, which was
generated by GNU Autoconf 2.69.  Invocation command line was

  CONFIG_FILES    = 
  CONFIG_HEADERS  = 
  CONFIG_LINKS    = 
  CONFIG_COMMANDS = 
  $ ./config.status 

on build.stampede2.tacc.utexas.edu

config.status:800: creating Makefile
config.status:800: creating src/Makefile
config.status:972: executing depfiles commands

## ---------------- ##
## Cache variables. ##
## ---------------- ##

ac_cv_c_compiler_gnu=yes
ac_cv_env_CC_set=
ac_cv_env_CC_value=
ac_cv_env_CFLAGS_set=
ac_cv_env_CFLAGS_value=
ac_cv_env_CPPFLAGS_set=set
ac_cv_env_CPPFLAGS_value=-I/admin/build/admin/rpms/stampede2/SOURCES/opa-ff/builtinclude.OPENIB_FF.release
ac_cv_env_CPP_set=
ac_cv_env_CPP_value=
ac_cv_env_LDFLAGS_set=set
ac_cv_env_LDFLAGS_value=-L/admin/build/admin/rpms/stampede2/SOURCES/opa-ff/builtlibs.OPENIB_FF.release
ac_cv_env_LIBS_set=
ac_cv_env_LIBS_value=
ac_cv_env_PKG_CONFIG_LIBDIR_set=
ac_cv_env_PKG_CONFIG_LIBDIR_value=
ac_cv_env_PKG_CONFIG_PATH_set=
ac_cv_env_PKG_CONFIG_PATH_value=
ac_cv_env_PKG_CONFIG_set=
ac_cv_env_PKG_CONFIG_value=
ac_cv_env_build_alias_set=
ac_cv_env_build_alias_value=
ac_cv_env_host_alias_set=
ac_cv_env_host_alias_value=
ac_cv_env_target_alias_set=
ac_cv_env_target_alias_value=
ac_cv_header_amqp_h=yes
ac_cv_header_ev_h=yes
ac_cv_header_inttypes_h=yes
ac_cv_header_memory_h=yes
ac_cv_header_oib_utils_h=yes
ac_cv_header_stdc=yes
ac_cv_header_stdint_h=yes
ac_cv_header_stdlib_h=yes
ac_cv_header_string_h=yes
ac_cv_header_strings_h=yes
ac_cv_header_sys_stat_h=yes
ac_cv_header_sys_types_h=yes
ac_cv_header_unistd_h=yes
ac_cv_objext=o
ac_cv_path_EGREP='/usr/bin/grep -E'
ac_cv_path_GREP=/usr/bin/grep
ac_cv_path_ac_pt_PKG_CONFIG=/usr/bin/pkg-config
ac_cv_path_install='/usr/bin/install -c'
ac_cv_path_mkdir=/usr/bin/mkdir
ac_cv_prog_AWK=gawk
ac_cv_prog_CPP='gcc -std=gnu99 -E'
ac_cv_prog_ac_ct_CC=gcc
ac_cv_prog_cc_c89=
ac_cv_prog_cc_c99=-std=gnu99
ac_cv_prog_cc_g=yes
ac_cv_prog_cc_gcc_c_o=yes
ac_cv_prog_make_make_set=yes
ac_cv_search_amqp_new_connection=-lrabbitmq
ac_cv_search_ev_run=-lev
ac_cv_search_iba_fstatus_msg=-lpublic
ac_cv_search_ibv_create_cq=-libverbs
ac_cv_search_mad_rpc_open_port=-libmad
ac_cv_search_oib_pa_client_init=-loib_utils
ac_cv_search_umad_set_addr=-libumad
am_cv_CC_dependencies_compiler_type=gcc3
am_cv_make_support_nested_variables=yes

## ----------------- ##
## Output variables. ##
## ----------------- ##

ACLOCAL='${SHELL} /admin/build/admin/rpms/stampede2/SOURCES/tacc_stats-2.3.6/missing aclocal-1.13'
AMDEPBACKSLASH='\'
AMDEP_FALSE='#'
AMDEP_TRUE=''
AMTAR='$${TAR-tar}'
AM_BACKSLASH='\'
AM_DEFAULT_V='$(AM_DEFAULT_VERBOSITY)'
AM_DEFAULT_VERBOSITY='1'
AM_V='$(V)'
AUTOCONF='${SHELL} /admin/build/admin/rpms/stampede2/SOURCES/tacc_stats-2.3.6/missing autoconf'
AUTOHEADER='${SHELL} /admin/build/admin/rpms/stampede2/SOURCES/tacc_stats-2.3.6/missing autoheader'
AUTOMAKE='${SHELL} /admin/build/admin/rpms/stampede2/SOURCES/tacc_stats-2.3.6/missing automake-1.13'
AWK='gawk'
CC='gcc -std=gnu99'
CCDEPMODE='depmode=gcc3'
CFLAGS='-g -O2'
CPP='gcc -std=gnu99 -E'
CPPFLAGS='-I/admin/build/admin/rpms/stampede2/SOURCES/opa-ff/builtinclude.OPENIB_FF.release'
CYGPATH_W='echo'
DEBUG_FALSE=''
DEBUG_TRUE='#'
DEFS='-DPACKAGE_NAME=\"tacc_stats\" -DPACKAGE_TARNAME=\"tacc_stats\" -DPACKAGE_VERSION=\"2.3.5\" -DPACKAGE_STRING=\"tacc_stats\ 2.3.5\" -DPACKAGE_BUGREPORT=\"rtevans@tacc.utexas.edu\" -DPACKAGE_URL=\"\" -DPACKAGE=\"tacc_stats\" -DVERSION=\"2.3.5\" -DSTDC_HEADERS=1 -DHAVE_SYS_TYPES_H=1 -DHAVE_SYS_STAT_H=1 -DHAVE_STDLIB_H=1 -DHAVE_STRING_H=1 -DHAVE_MEMORY_H=1 -DHAVE_STRINGS_H=1 -DHAVE_INTTYPES_H=1 -DHAVE_STDINT_H=1 -DHAVE_UNISTD_H=1 -DHAVE_AMQP_H=1 -DHAVE_OIB_UTILS_H=1 -DHAVE_EV_H=1'
DEPDIR='.deps'
ECHO_C=''
ECHO_N='-n'
ECHO_T=''
EGREP='/usr/bin/grep -E'
EXEEXT=''
GPU_FALSE=''
GPU_TRUE='#'
GREP='/usr/bin/grep'
HARDWARE_FALSE='#'
HARDWARE_TRUE=''
HAVE_SYSTEMD_FALSE='#'
HAVE_SYSTEMD_TRUE=''
INFINIBAND_FALSE=''
INFINIBAND_TRUE='#'
INSTALL_DATA='${INSTALL} -m 644'
INSTALL_PROGRAM='${INSTALL}'
INSTALL_SCRIPT='${INSTALL}'
INSTALL_STRIP_PROGRAM='$(install_sh) -c -s'
LDFLAGS='-L/admin/build/admin/rpms/stampede2/SOURCES/opa-ff/builtlibs.OPENIB_FF.release'
LIBOBJS=''
LIBS='-lev -libmad -libumad -libverbs -loib_utils -lpublic -lrabbitmq '
LTLIBOBJS=''
LUSTRE_FALSE='#'
LUSTRE_TRUE=''
MAKEINFO='${SHELL} /admin/build/admin/rpms/stampede2/SOURCES/tacc_stats-2.3.6/missing makeinfo'
MIC_FALSE=''
MIC_TRUE='#'
MKDIR_P='/usr/bin/mkdir -p'
OBJEXT='o'
OPA_FALSE='#'
OPA_TRUE=''
PACKAGE='tacc_stats'
PACKAGE_BUGREPORT='rtevans@tacc.utexas.edu'
PACKAGE_NAME='tacc_stats'
PACKAGE_STRING='tacc_stats 2.3.5'
PACKAGE_TARNAME='tacc_stats'
PACKAGE_URL=''
PACKAGE_VERSION='2.3.5'
PATH_SEPARATOR=':'
PKG_CONFIG='/usr/bin/pkg-config'
PKG_CONFIG_LIBDIR=''
PKG_CONFIG_PATH=''
RABBITMQ_FALSE='#'
RABBITMQ_TRUE=''
SET_MAKE=''
SHELL='/bin/sh'
STRIP=''
VERSION='2.3.5'
ac_ct_CC='gcc'
am__EXEEXT_FALSE=''
am__EXEEXT_TRUE='#'
am__fastdepCC_FALSE='#'
am__fastdepCC_TRUE=''
am__include='include'
am__isrc=''
am__leading_dot='.'
am__nodep='_no'
am__quote=''
am__tar='$${TAR-tar} chof - "$$tardir"'
am__untar='$${TAR-tar} xf -'
bindir='${exec_prefix}/bin'
build_alias=''
datadir='${datarootdir}'
datarootdir='${prefix}/share'
docdir='${datarootdir}/doc/${PACKAGE_TARNAME}'
dvidir='${docdir}'
exec_prefix='${prefix}'
host_alias=''
htmldir='${docdir}'
includedir='${prefix}/include'
infodir='${datarootdir}/info'
install_sh='${SHELL} /admin/build/admin/rpms/stampede2/SOURCES/tacc_stats-2.3.6/install-sh'
libdir='${exec_prefix}/lib'
libexecdir='${exec_prefix}/libexec'
localedir='${datarootdir}/locale'
localstatedir='${prefix}/var'
mandir='${datarootdir}/man'
mkdir_p='$(MKDIR_P)'
oldincludedir='/usr/include'
pdfdir='${docdir}'
prefix='/usr/local'
program_transform_name='s,x,x,'
psdir='${docdir}'
sbindir='${exec_prefix}/sbin'
sharedstatedir='${prefix}/com'
sysconfdir='${prefix}/etc'
systemduserunitdir='/usr/lib/systemd/user'
target_alias=''

## ----------- ##
## confdefs.h. ##
## ----------- ##

/* confdefs.h */
#define PACKAGE_NAME "tacc_stats"
#define PACKAGE_TARNAME "tacc_stats"
#define PACKAGE_VERSION "2.3.5"
#define PACKAGE_STRING "tacc_stats 2.3.5"
#define PACKAGE_BUGREPORT "rtevans@tacc.utexas.edu"
#define PACKAGE_URL ""
#define PACKAGE "tacc_stats"
#define VERSION "2.3.5"
#define STDC_HEADERS 1
#define HAVE_SYS_TYPES_H 1
#define HAVE_SYS_STAT_H 1
#define HAVE_STDLIB_H 1
#define HAVE_STRING_H 1
#define HAVE_MEMORY_H 1
#define HAVE_STRINGS_H 1
#define HAVE_INTTYPES_H 1
#define HAVE_STDINT_H 1
#define HAVE_UNISTD_H 1
#define HAVE_AMQP_H 1
#define HAVE_OIB_UTILS_H 1
#define HAVE_EV_H 1

configure: exit 0
